0 verbose cli /home/mattmcgovern/.nvm/versions/node/v16.15.1/bin/node /home/mattmcgovern/.nvm/versions/node/v16.15.1/bin/npm
1 info using npm@8.11.0
2 info using node@v16.15.1
3 timing npm:load:whichnode Completed in 0ms
4 timing config:load:defaults Completed in 1ms
5 timing config:load:file:/home/mattmcgovern/.nvm/versions/node/v16.15.1/lib/node_modules/npm/npmrc Completed in 1ms
6 timing config:load:builtin Completed in 2ms
7 timing config:load:cli Completed in 1ms
8 timing config:load:env Completed in 0ms
9 timing config:load:file:/home/mattmcgovern/.cache/typescript/5.2/.npmrc Completed in 0ms
10 timing config:load:project Completed in 8ms
11 timing config:load:file:/home/mattmcgovern/.npmrc Completed in 1ms
12 timing config:load:user Completed in 1ms
13 timing config:load:file:/home/mattmcgovern/.nvm/versions/node/v16.15.1/etc/npmrc Completed in 0ms
14 timing config:load:global Completed in 0ms
15 timing config:load:validate Completed in 0ms
16 timing config:load:credentials Completed in 4ms
17 timing config:load:setEnvs Completed in 0ms
18 timing config:load Completed in 17ms
19 timing npm:load:configload Completed in 17ms
20 timing npm:load:mkdirpcache Completed in 2ms
21 timing npm:load:mkdirplogs Completed in 2ms
22 verbose title npm install types-registry@latest
23 verbose argv "install" "--ignore-scripts" "types-registry@latest"
24 timing npm:load:setTitle Completed in 0ms
25 timing config:load:flatten Completed in 2ms
26 timing npm:load:display Completed in 2ms
27 verbose logfile logs-max:10 dir:/home/mattmcgovern/.npm/_logs
28 verbose logfile /home/mattmcgovern/.npm/_logs/2023-10-04T14_23_47_528Z-debug-0.log
29 timing npm:load:logFile Completed in 5ms
30 timing npm:load:timers Completed in 0ms
31 timing npm:load:configScope Completed in 0ms
32 timing npm:load Completed in 28ms
33 timing arborist:ctor Completed in 1ms
34 silly logfile start cleaning logs, removing 3 files
35 timing arborist:ctor Completed in 0ms
36 silly logfile done cleaning log files
37 timing idealTree:init Completed in 10ms
38 http fetch GET 200 https://registry.npmjs.org/types-registry 234ms (cache updated)
39 timing idealTree:userRequests Completed in 240ms
40 silly idealTree buildDeps
41 silly fetch manifest types-registry@0.1.663
42 silly placeDep ROOT types-registry@0.1.663 OK for:  want: 0.1.663
43 timing idealTree:#root Completed in 7ms
44 timing idealTree:node_modules/types-registry Completed in 0ms
45 timing idealTree:buildDeps Completed in 11ms
46 timing idealTree:fixDepFlags Completed in 0ms
47 timing idealTree Completed in 262ms
48 timing reify:loadTrees Completed in 262ms
49 timing reify:diffTrees Completed in 1ms
50 silly reify moves {}
51 timing reify:retireShallow Completed in 1ms
52 timing reify:createSparse Completed in 5ms
53 timing reify:loadBundles Completed in 0ms
54 silly audit bulk request { 'types-registry': [ '0.1.663' ] }
55 silly tarball no local data for types-registry@https://registry.npmjs.org/types-registry/-/types-registry-0.1.663.tgz. Extracting by manifest.
56 http fetch GET 200 https://registry.npmjs.org/npm 447ms (cache updated)
57 http fetch POST 200 https://registry.npmjs.org/-/npm/v1/security/advisories/bulk 230ms
58 timing auditReport:getReport Completed in 231ms
59 silly audit report {}
60 timing auditReport:init Completed in 0ms
61 timing reify:audit Completed in 232ms
62 http fetch GET 200 https://registry.npmjs.org/types-registry/-/types-registry-0.1.663.tgz 220ms (cache miss)
63 timing reifyNode:node_modules/types-registry Completed in 232ms
64 timing reify:unpack Completed in 232ms
65 timing reify:unretire Completed in 0ms
66 timing build:queue Completed in 1ms
67 timing build:deps Completed in 1ms
68 timing build Completed in 1ms
69 timing reify:build Completed in 1ms
70 timing reify:trash Completed in 0ms
71 timing reify:save Completed in 4ms
72 timing reify Completed in 528ms
73 silly ADD node_modules/types-registry
74 timing command:install Completed in 531ms
75 notice
75 notice New major version of npm available! 8.11.0 -> 10.2.0
75 notice Changelog: <https://github.com/npm/cli/releases/tag/v10.2.0>
75 notice Run `npm install -g npm@10.2.0` to update!
75 notice
76 verbose exit 0
77 timing npm Completed in 730ms
78 info ok
