0 verbose cli /home/mattmcgovern/.nvm/versions/node/v16.15.1/bin/node /home/mattmcgovern/.nvm/versions/node/v16.15.1/bin/npm
1 info using npm@8.11.0
2 info using node@v16.15.1
3 timing npm:load:whichnode Completed in 0ms
4 timing config:load:defaults Completed in 1ms
5 timing config:load:file:/home/mattmcgovern/.nvm/versions/node/v16.15.1/lib/node_modules/npm/npmrc Completed in 3ms
6 timing config:load:builtin Completed in 3ms
7 timing config:load:cli Completed in 1ms
8 timing config:load:env Completed in 1ms
9 timing config:load:file:/home/mattmcgovern/.cache/typescript/5.2/.npmrc Completed in 0ms
10 timing config:load:project Completed in 9ms
11 timing config:load:file:/home/mattmcgovern/.npmrc Completed in 1ms
12 timing config:load:user Completed in 1ms
13 timing config:load:file:/home/mattmcgovern/.nvm/versions/node/v16.15.1/etc/npmrc Completed in 0ms
14 timing config:load:global Completed in 0ms
15 timing config:load:validate Completed in 0ms
16 timing config:load:credentials Completed in 2ms
17 timing config:load:setEnvs Completed in 1ms
18 timing config:load Completed in 19ms
19 timing npm:load:configload Completed in 19ms
20 timing npm:load:mkdirpcache Completed in 2ms
21 timing npm:load:mkdirplogs Completed in 1ms
22 verbose title npm install types-registry@latest
23 verbose argv "install" "--ignore-scripts" "types-registry@latest"
24 timing npm:load:setTitle Completed in 1ms
25 timing config:load:flatten Completed in 1ms
26 timing npm:load:display Completed in 2ms
27 verbose logfile logs-max:10 dir:/home/mattmcgovern/.npm/_logs
28 verbose logfile /home/mattmcgovern/.npm/_logs/2023-10-20T15_41_05_627Z-debug-0.log
29 timing npm:load:logFile Completed in 4ms
30 timing npm:load:timers Completed in 0ms
31 timing npm:load:configScope Completed in 1ms
32 timing npm:load Completed in 31ms
33 timing arborist:ctor Completed in 1ms
34 silly logfile start cleaning logs, removing 3 files
35 timing idealTree:init Completed in 25ms
36 silly logfile done cleaning log files
37 timing arborist:ctor Completed in 0ms
38 http fetch GET 200 https://registry.npmjs.org/types-registry 251ms (cache updated)
39 timing idealTree:userRequests Completed in 256ms
40 silly idealTree buildDeps
41 silly fetch manifest types-registry@0.1.665
42 silly placeDep ROOT types-registry@0.1.665 REPLACE for:  want: 0.1.665
43 timing idealTree:#root Completed in 4ms
44 timing idealTree:node_modules/types-registry Completed in 0ms
45 timing idealTree:buildDeps Completed in 4ms
46 timing idealTree:fixDepFlags Completed in 0ms
47 timing idealTree Completed in 287ms
48 timing reify:loadTrees Completed in 288ms
49 timing reify:diffTrees Completed in 2ms
50 silly reify mark retired [
50 silly reify   '/home/mattmcgovern/.cache/typescript/5.2/node_modules/types-registry'
50 silly reify ]
51 silly reify moves {
51 silly reify   '/home/mattmcgovern/.cache/typescript/5.2/node_modules/types-registry': '/home/mattmcgovern/.cache/typescript/5.2/node_modules/.types-registry-NohSTKdA'
51 silly reify }
52 timing reify:retireShallow Completed in 3ms
53 timing reify:createSparse Completed in 4ms
54 timing reify:loadBundles Completed in 0ms
55 silly audit bulk request {
55 silly audit   '@types/browser-sync': [ '2.27.2' ],
55 silly audit   '@types/http-errors': [ '2.0.2' ],
55 silly audit   '@types/micromatch': [ '2.3.32' ],
55 silly audit   '@types/mime': [ '3.0.2' ],
55 silly audit   '@types/node': [ '20.8.6' ],
55 silly audit   '@types/parse-glob': [ '3.0.30' ],
55 silly audit   '@types/serve-static': [ '1.15.3' ],
55 silly audit   anymatch: [ '3.1.3' ],
55 silly audit   'binary-extensions': [ '2.2.0' ],
55 silly audit   braces: [ '3.0.2' ],
55 silly audit   chokidar: [ '3.5.3' ],
55 silly audit   'fill-range': [ '7.0.1' ],
55 silly audit   fsevents: [ '2.3.3' ],
55 silly audit   'glob-parent': [ '5.1.2' ],
55 silly audit   'is-binary-path': [ '2.1.0' ],
55 silly audit   'is-extglob': [ '2.1.1' ],
55 silly audit   'is-glob': [ '4.0.3' ],
55 silly audit   'is-number': [ '7.0.0' ],
55 silly audit   'normalize-path': [ '3.0.0' ],
55 silly audit   picomatch: [ '2.3.1' ],
55 silly audit   readdirp: [ '3.6.0' ],
55 silly audit   'to-regex-range': [ '5.0.1' ],
55 silly audit   'undici-types': [ '5.25.3' ],
55 silly audit   'types-registry': [ '0.1.665' ]
55 silly audit }
56 verbose reify failed optional dependency /home/mattmcgovern/.cache/typescript/5.2/node_modules/fsevents
57 silly reify mark deleted [ '/home/mattmcgovern/.cache/typescript/5.2/node_modules/fsevents' ]
58 timing reifyNode:node_modules/fsevents Completed in 3ms
59 silly tarball no local data for types-registry@https://registry.npmjs.org/types-registry/-/types-registry-0.1.665.tgz. Extracting by manifest.
60 http fetch GET 200 https://registry.npmjs.org/types-registry/-/types-registry-0.1.665.tgz 121ms (cache miss)
61 timing reifyNode:node_modules/types-registry Completed in 126ms
62 timing reify:unpack Completed in 127ms
63 timing reify:unretire Completed in 0ms
64 timing build:queue Completed in 4ms
65 timing build:deps Completed in 5ms
66 timing build Completed in 5ms
67 timing reify:build Completed in 5ms
68 timing reify:trash Completed in 6ms
69 timing reify:save Completed in 17ms
70 http fetch POST 200 https://registry.npmjs.org/-/npm/v1/security/advisories/bulk 252ms
71 timing auditReport:getReport Completed in 253ms
72 silly audit report {}
73 timing auditReport:init Completed in 0ms
74 timing reify:audit Completed in 254ms
75 timing reify Completed in 554ms
76 silly ADD
77 silly CHANGE node_modules/types-registry
78 timing command:install Completed in 558ms
79 verbose exit 0
80 timing npm Completed in 706ms
81 info ok
