0 verbose cli /home/mattmcgovern/.nvm/versions/node/v16.15.1/bin/node /home/mattmcgovern/.nvm/versions/node/v16.15.1/bin/npm
1 info using npm@8.11.0
2 info using node@v16.15.1
3 timing npm:load:whichnode Completed in 0ms
4 timing config:load:defaults Completed in 1ms
5 timing config:load:file:/home/mattmcgovern/.nvm/versions/node/v16.15.1/lib/node_modules/npm/npmrc Completed in 1ms
6 timing config:load:builtin Completed in 1ms
7 timing config:load:cli Completed in 1ms
8 timing config:load:env Completed in 0ms
9 timing config:load:file:/home/mattmcgovern/code/mmcgovern25/drumkit_day1/JavaScript30/.npmrc Completed in 0ms
10 timing config:load:project Completed in 4ms
11 timing config:load:file:/home/mattmcgovern/.npmrc Completed in 0ms
12 timing config:load:user Completed in 0ms
13 timing config:load:file:/home/mattmcgovern/.nvm/versions/node/v16.15.1/etc/npmrc Completed in 1ms
14 timing config:load:global Completed in 1ms
15 timing config:load:validate Completed in 0ms
16 timing config:load:credentials Completed in 1ms
17 timing config:load:setEnvs Completed in 0ms
18 timing config:load Completed in 9ms
19 timing npm:load:configload Completed in 9ms
20 timing npm:load:mkdirpcache Completed in 3ms
21 timing npm:load:mkdirplogs Completed in 1ms
22 verbose title npm install prettier
23 verbose argv "install" "--save-dev" "--save-exact" "prettier"
24 timing npm:load:setTitle Completed in 1ms
25 timing config:load:flatten Completed in 1ms
26 timing npm:load:display Completed in 2ms
27 verbose logfile logs-max:10 dir:/home/mattmcgovern/.npm/_logs
28 verbose logfile /home/mattmcgovern/.npm/_logs/2023-12-14T02_00_01_944Z-debug-0.log
29 timing npm:load:logFile Completed in 3ms
30 timing npm:load:timers Completed in 0ms
31 timing npm:load:configScope Completed in 0ms
32 timing npm:load Completed in 19ms
33 timing arborist:ctor Completed in 0ms
34 silly logfile start cleaning logs, removing 1 files
35 silly logfile done cleaning log files
36 timing arborist:ctor Completed in 0ms
37 timing idealTree:init Completed in 8ms
38 timing idealTree:userRequests Completed in 1ms
39 silly idealTree buildDeps
40 silly fetch manifest prettier@*
41 http fetch GET 200 https://registry.npmjs.org/prettier 223ms (cache miss)
42 silly placeDep ROOT prettier@3.1.1 OK for:  want: *
43 timing idealTree:#root Completed in 229ms
44 timing idealTree:node_modules/prettier Completed in 0ms
45 timing idealTree:buildDeps Completed in 229ms
46 timing idealTree:fixDepFlags Completed in 0ms
47 timing idealTree Completed in 239ms
48 timing reify:loadTrees Completed in 241ms
49 timing reify:diffTrees Completed in 0ms
50 silly reify moves {}
51 timing reify:retireShallow Completed in 1ms
52 timing reify:createSparse Completed in 1ms
53 timing reify:loadBundles Completed in 0ms
54 silly audit bulk request { prettier: [ '3.1.1' ] }
55 silly tarball no local data for prettier@https://registry.npmjs.org/prettier/-/prettier-3.1.1.tgz. Extracting by manifest.
56 http fetch GET 200 https://registry.npmjs.org/npm 294ms (cache updated)
57 http fetch POST 200 https://registry.npmjs.org/-/npm/v1/security/advisories/bulk 138ms
58 timing auditReport:getReport Completed in 139ms
59 silly audit report {}
60 timing auditReport:init Completed in 0ms
61 timing reify:audit Completed in 140ms
62 http fetch GET 200 https://registry.npmjs.org/prettier/-/prettier-3.1.1.tgz 321ms (cache miss)
63 timing reifyNode:node_modules/prettier Completed in 328ms
64 timing reify:unpack Completed in 328ms
65 timing reify:unretire Completed in 1ms
66 timing build:queue Completed in 2ms
67 timing build:link:node_modules/prettier Completed in 4ms
68 timing build:link Completed in 4ms
69 timing build:deps Completed in 6ms
70 timing build Completed in 6ms
71 timing reify:build Completed in 6ms
72 timing reify:trash Completed in 0ms
73 timing reify:save Completed in 3ms
74 timing reify Completed in 594ms
75 silly ADD node_modules/prettier
76 timing command:install Completed in 596ms
77 notice
77 notice New [31mmajor[39m version of npm available! [31m8.11.0[39m -> [32m10.2.5[39m
77 notice Changelog: [36mhttps://github.com/npm/cli/releases/tag/v10.2.5[39m
77 notice Run [32mnpm install -g npm@10.2.5[39m to update!
77 notice
78 verbose exit 0
79 timing npm Completed in 689ms
80 info ok
